This is pdfTeX, Version 3.141592653-2.6-1.40.29 (MiKTeX 26.5) (preloaded format=pdflatex 2026.6.27)  28 JUN 2026 22:40
entering extended mode
 restricted \write18 enabled.
 %&-line parsing enabled.
**./sprawozdaniezlaboratoriumbazydanych.tex
(sprawozdaniezlaboratoriumbazydanych.tex
LaTeX2e <2026-06-01>
L3 programming layer <2026-05-26>
(sphinxmanual.cls
Document Class: sphinxmanual 2019/12/01 v2.3.0 Document class (Sphinx manual)
(C:\Users\DawDa\AppData\Local\Programs\MiKTeX\tex/latex/base\report.cls
Document Class: report 2025/01/22 v1.4n Standard LaTeX document class
(C:\Users\DawDa\AppData\Local\Programs\MiKTeX\tex/latex/base\size10.clo
File: size10.clo 2025/01/22 v1.4n Standard LaTeX file (size option)
)
\c@part=\count276
\c@chapter=\count277
\c@section=\count278
\c@subsection=\count279
\c@subsubsection=\count280
\c@paragraph=\count281
\c@subparagraph=\count282
\c@figure=\count283
\c@table=\count284
\abovecaptionskip=\skip49
\belowcaptionskip=\skip50
\bibindent=\dimen150
)
LaTeX Info: Redefining \and on input line 35.
)
\sphinxremdimen=\dimen151

(C:\Users\DawDa\AppData\Local\Programs\MiKTeX\tex/latex/base\inputenc.sty
Package: inputenc 2024/02/08 v1.3d Input encoding file
\inpenc@prehook=\toks17
\inpenc@posthook=\toks18
)
   defining Unicode char U+00A0 (decimal 160)
   defining Unicode char U+2500 (decimal 9472)
   defining Unicode char U+2502 (decimal 9474)
   defining Unicode char U+2514 (decimal 9492)
   defining Unicode char U+251C (decimal 9500)
   defining Unicode char U+2572 (decimal 9586)

(C:\Users\DawDa\AppData\Local\Programs\MiKTeX\tex/latex/cmap\cmap.sty
Package: cmap 2021/02/06 v1.0j CMap support: searchable PDF
)
(C:\Users\DawDa\AppData\Local\Programs\MiKTeX\tex/latex/base\fontenc.sty
Package: fontenc 2025/07/18 v2.1d Standard LaTeX package
<<t1.cmap>>)
(C:\Users\DawDa\AppData\Local\Programs\MiKTeX\tex/latex/amsmath\amsmath.sty
Package: amsmath 2026/05/19 v2.18d AMS math features
\@mathmargin=\skip51

For additional information on amsmath, use the `?' option.
(C:\Users\DawDa\AppData\Local\Programs\MiKTeX\tex/latex/amsmath\amstext.sty
Package: amstext 2024/11/17 v2.01 AMS text

(C:\Users\DawDa\AppData\Local\Programs\MiKTeX\tex/latex/amsmath\amsgen.sty
File: amsgen.sty 1999/11/30 v2.0 generic functions
\@emptytoks=\toks19
\ex@=\dimen152
))
(C:\Users\DawDa\AppData\Local\Programs\MiKTeX\tex/latex/amsmath\amsbsy.sty
Package: amsbsy 1999/11/29 v1.2d Bold Symbols
\pmbraise@=\dimen153
)
(C:\Users\DawDa\AppData\Local\Programs\MiKTeX\tex/latex/amsmath\amsopn.sty
Package: amsopn 2022/04/08 v2.04 operator names
)
\inf@bad=\count285
LaTeX Info: Redefining \frac on input line 233.
\uproot@=\count286
\leftroot@=\count287
LaTeX Info: Redefining \overline on input line 398.
LaTeX Info: Redefining \colon on input line 409.
\classnum@=\count288
\DOTSCASE@=\count289
LaTeX Info: Redefining \ldots on input line 495.
LaTeX Info: Redefining \dots on input line 498.
LaTeX Info: Redefining \cdots on input line 619.
\Mathstrutbox@=\box53
\strutbox@=\box54
LaTeX Info: Redefining \big on input line 721.
LaTeX Info: Redefining \Big on input line 722.
LaTeX Info: Redefining \bigg on input line 723.
LaTeX Info: Redefining \Bigg on input line 724.
\big@size=\dimen154
LaTeX Font Info:    Redeclaring font encoding OML on input line 742.
LaTeX Font Info:    Redeclaring font encoding OMS on input line 743.
\macc@depth=\count290
LaTeX Info: Redefining \bmod on input line 904.
LaTeX Info: Redefining \pmod on input line 909.
LaTeX Info: Redefining \smash on input line 939.
LaTeX Info: Redefining \relbar on input line 969.
LaTeX Info: Redefining \Relbar on input line 970.
\c@MaxMatrixCols=\count291
\dotsspace@=\muskip17
\c@parentequation=\count292
\dspbrk@lvl=\count293
\tag@help=\toks20
\row@=\count294
\column@=\count295
\maxfields@=\count296
\andhelp@=\toks21
\eqnshift@=\dimen155
\alignsep@=\dimen156
\tagshift@=\dimen157
\tagwidth@=\dimen158
\totwidth@=\dimen159
\lineht@=\dimen160
\@envbody=\toks22
\multlinegap=\skip52
\multlinetaggap=\skip53
\mathdisplay@stack=\toks23
LaTeX Info: Redefining \[ on input line 2965.
LaTeX Info: Redefining \] on input line 2966.
)
(C:\Users\DawDa\AppData\Local\Programs\MiKTeX\tex/latex/amsfonts\amssymb.sty
Package: amssymb 2013/01/14 v3.01 AMS font symbols

(C:\Users\DawDa\AppData\Local\Programs\MiKTeX\tex/latex/amsfonts\amsfonts.sty
Package: amsfonts 2013/01/14 v3.01 Basic AMSFonts support
\symAMSa=\mathgroup4
\symAMSb=\mathgroup5
LaTeX Font Info:    Redeclaring math symbol \hbar on input line 98.
LaTeX Font Info:    Overwriting math alphabet `\mathfrak' in version `bold'
(Font)                  U/euf/m/n --> U/euf/b/n on input line 106.
)) (C:\Users\DawDa\AppData\Local\Programs\MiKTeX\tex/generic/babel\babel.sty
Package: babel 2026/05/20 v26.8 The multilingual framework for LuaLaTeX, pdfLaT
eX and XeLaTeX
\babel@savecnt=\count297
LaTeX Encoding Info:    Redeclaring text command \ij (encoding OT1) on input li
ne 2084.
LaTeX Encoding Info:    Redeclaring text command \IJ (encoding OT1) on input li
ne 2086.
LaTeX Encoding Info:    Redeclaring text command \ij (encoding T1) on input lin
e 2088.
LaTeX Encoding Info:    Redeclaring text command \IJ (encoding T1) on input lin
e 2089.
LaTeX Encoding Info:    Ignoring declaration for text command \ij (encoding ?) 
on input line 2090.
LaTeX Encoding Info:    Ignoring declaration for text command \IJ (encoding ?) 
on input line 2092.
LaTeX Encoding Info:    Ignoring declaration for text command \SS (encoding ?) 
on input line 2117.
\U@D=\dimen161
\l@unhyphenated=\language79

(C:\Users\DawDa\AppData\Local\Programs\MiKTeX\tex/generic/babel\txtbabel.def)
\bbl@readstream=\read2
\bbl@dirlevel=\count298
Package babel Info: Configuration files are deprecated, as
(babel)             they can break document portability.
(babel)             Reported on input line 4228.

*************************************
* Local config file bblopts.cfg used
*
(C:\Users\DawDa\AppData\Local\Programs\MiKTeX\tex/latex/arabi\bblopts.cfg
File: bblopts.cfg 2005/09/08 v0.1 add Arabic and Farsi to "declared" options of
 babel
)
(C:\Users\DawDa\AppData\Local\Programs\MiKTeX\tex/generic/babel/locale/pl\babel
-polish.tex)
Package babel Info: Importing font and identification data for polish
(babel)             from babel-pl.ini. Reported on input line 4356.

(C:\Users\DawDa\AppData\Local\Programs\MiKTeX\tex/latex/babel-polish\polish.ldf
Language: polish 2022/03/12 1.3 Babel support for Polish
Package babel Info: Making " an active character on input line 101.
))
(C:\Users\DawDa\AppData\Local\Programs\MiKTeX\tex/latex/tex-gyre\tgtermes.sty
Package: tgtermes 2009/09/27 v1.2 TeX Gyre Termes as default roman family

(C:\Users\DawDa\AppData\Local\Programs\MiKTeX\tex/latex/kvoptions\kvoptions.sty
Package: kvoptions 2022-06-15 v3.15 Key value format for package options (HO)
(C:\Users\DawDa\AppData\Local\Programs\MiKTeX\tex/latex/graphics\keyval.sty
Package: keyval 2026-05-17 v1.15 key=value parser (DPC)
\KV@toks@=\toks24
)
(C:\Users\DawDa\AppData\Local\Programs\MiKTeX\tex/generic/ltxcmds\ltxcmds.sty
Package: ltxcmds 2023-12-04 v1.26 LaTeX kernel commands for general use (HO)
)
(C:\Users\DawDa\AppData\Local\Programs\MiKTeX\tex/latex/kvsetkeys\kvsetkeys.sty
Package: kvsetkeys 2022-10-05 v1.19 Key value parser (HO)
)))
(C:\Users\DawDa\AppData\Local\Programs\MiKTeX\tex/latex/tex-gyre\tgheros.sty
Package: tgheros 2009/09/27 v1.2 TeX Gyre Heros as default sans serif family
)
(C:\Users\DawDa\AppData\Local\Programs\MiKTeX\tex/latex/fncychap\fncychap.sty
Package: fncychap 2007/07/30 v1.34 LaTeX package (Revised chapters)
\RW=\skip54
\mylen=\skip55
\myhi=\skip56
\px=\skip57
\py=\skip58
\pyy=\skip59
\pxx=\skip60
)
(sphinx.sty
Package: sphinx 2025/12/26 v9.1.0 Sphinx LaTeX package (sphinx-doc)

(C:\Users\DawDa\AppData\Local\Programs\MiKTeX\tex/latex/xcolor\xcolor.sty
Package: xcolor 2024/09/29 v3.02 LaTeX color extensions (UK)

(C:\Users\DawDa\AppData\Local\Programs\MiKTeX\tex/latex/graphics-cfg\color.cfg
File: color.cfg 2016/01/02 v1.6 sample color configuration
)
Package xcolor Info: Driver file: pdftex.def on input line 274.

(C:\Users\DawDa\AppData\Local\Programs\MiKTeX\tex/latex/graphics-def\pdftex.def
File: pdftex.def 2025/09/29 v1.2d Graphics/color driver for pdftex
)
(C:\Users\DawDa\AppData\Local\Programs\MiKTeX\tex/latex/graphics\mathcolor.ltx)
Package xcolor Info: Model `cmy' substituted by `cmy0' on input line 1349.
Package xcolor Info: Model `hsb' substituted by `rgb' on input line 1353.
Package xcolor Info: Model `RGB' extended on input line 1365.
Package xcolor Info: Model `HTML' substituted by `rgb' on input line 1367.
Package xcolor Info: Model `Hsb' substituted by `hsb' on input line 1368.
Package xcolor Info: Model `tHsb' substituted by `hsb' on input line 1369.
Package xcolor Info: Model `HSB' substituted by `hsb' on input line 1370.
Package xcolor Info: Model `Gray' substituted by `gray' on input line 1371.
Package xcolor Info: Model `wave' substituted by `hsb' on input line 1372.
) (sphinxoptionshyperref.sty
Package: sphinxoptionshyperref 2021/01/27 hyperref
) (sphinxoptionsgeometry.sty
Package: sphinxoptionsgeometry 2021/01/27 geometry
)
(C:\Users\DawDa\AppData\Local\Programs\MiKTeX\tex/latex/base\textcomp.sty
Package: textcomp 2024/04/24 v2.1b Standard LaTeX package
)
(C:\Users\DawDa\AppData\Local\Programs\MiKTeX\tex/latex/float\float.sty
Package: float 2001/11/08 v1.3d Float enhancements (AL)
\c@float@type=\count299
\float@exts=\toks25
\float@box=\box55
\@float@everytoks=\toks26
\@floatcapt=\box56
)
(C:\Users\DawDa\AppData\Local\Programs\MiKTeX\tex/latex/wrapfig\wrapfig.sty
\wrapoverhang=\dimen162
\WF@size=\dimen163
\c@WF@wrappedlines=\count300
\WF@box=\box57
\WF@everypar=\toks27
Package: wrapfig 2003/01/31  v 3.6
)
(C:\Users\DawDa\AppData\Local\Programs\MiKTeX\tex/latex/capt-of\capt-of.sty
Package: capt-of 2009/12/29 v0.2 standard captions outside of floats
)
(C:\Users\DawDa\AppData\Local\Programs\MiKTeX\tex/latex/tools\multicol.sty
Package: multicol 2025/10/21 v2.0b multicolumn formatting (FMi)
\c@tracingmulticols=\count301
\mult@box=\box58
\multicol@leftmargin=\dimen164
\c@unbalance=\count302
\c@collectmore=\count303
\doublecol@number=\count304
\multicoltolerance=\count305
\multicolpretolerance=\count306
\full@width=\dimen165
\page@free=\dimen166
\premulticols=\dimen167
\postmulticols=\dimen168
\multicolsep=\skip61
\multicolbaselineskip=\skip62
\partial@page=\box59
\last@line=\box60
\mc@boxedresult=\box61
\maxbalancingoverflow=\dimen169
\mult@rightbox=\box62
\mult@grightbox=\box63
\mult@firstbox=\box64
\mult@gfirstbox=\box65
\@tempa=\box66
\@tempa=\box67
\@tempa=\box68
\@tempa=\box69
\@tempa=\box70
\@tempa=\box71
\@tempa=\box72
\@tempa=\box73
\@tempa=\box74
\@tempa=\box75
\@tempa=\box76
\@tempa=\box77
\@tempa=\box78
\@tempa=\box79
\@tempa=\box80
\@tempa=\box81
\@tempa=\box82
\@tempa=\box83
\@tempa=\box84
\@tempa=\box85
\@tempa=\box86
\@tempa=\box87
\@tempa=\box88
\@tempa=\box89
\@tempa=\box90
\@tempa=\box91
\@tempa=\box92
\@tempa=\box93
\@tempa=\box94
\@tempa=\box95
\@tempa=\box96
\@tempa=\box97
\@tempa=\box98
\@tempa=\box99
\@tempa=\box100
\@tempa=\box101
\c@minrows=\count307
\c@columnbadness=\count308
\c@finalcolumnbadness=\count309
\last@try=\dimen170
\multicolovershoot=\dimen171
\multicolundershoot=\dimen172
\mult@nat@firstbox=\box102
\colbreak@box=\box103
\mc@col@check@num=\count310
\g__mc_curr_col_int=\count311
)
(C:\Users\DawDa\AppData\Local\Programs\MiKTeX\tex/latex/graphics\graphicx.sty
Package: graphicx 2026-05-17 v1.2e Enhanced LaTeX Graphics (DPC,SPQR)

(C:\Users\DawDa\AppData\Local\Programs\MiKTeX\tex/latex/graphics\graphics.sty
Package: graphics 2026-05-17 v1.4h Standard LaTeX Graphics (DPC,SPQR)

(C:\Users\DawDa\AppData\Local\Programs\MiKTeX\tex/latex/graphics\trig.sty
Package: trig 2023/12/02 v1.11 sin cos tan (DPC)
)
(C:\Users\DawDa\AppData\Local\Programs\MiKTeX\tex/latex/graphics-cfg\graphics.c
fg
File: graphics.cfg 2016/06/04 v1.11 sample graphics configuration
)
Package graphics Info: Driver file: pdftex.def on input line 106.
)
\Gin@req@height=\dimen173
\Gin@req@width=\dimen174
) (sphinxlatexgraphics.sty
Package: sphinxlatexgraphics 2024/08/13 v8.1.0 graphics
\spx@image@maxheight=\dimen175
\spx@image@box=\box104
) (sphinxpackageboxes.sty
Package: sphinxpackageboxes 2024/07/01 v7.4.0 advanced colored boxes

(C:\Users\DawDa\AppData\Local\Programs\MiKTeX\tex/latex/pict2e\pict2e.sty
Package: pict2e 2020/09/30 v0.4b Improved picture commands (HjG,RN,JT)

(C:\Users\DawDa\AppData\Local\Programs\MiKTeX\tex/latex/pict2e\pict2e.cfg
File: pict2e.cfg 2016/02/05 v0.1u pict2e configuration for teTeX/TeXLive
)
Package pict2e Info: Driver file: pdftex.def on input line 112.
Package pict2e Info: Driver file for pict2e: p2e-pdftex.def on input line 114.

(C:\Users\DawDa\AppData\Local\Programs\MiKTeX\tex/latex/pict2e\p2e-pdftex.def
File: p2e-pdftex.def 2016/02/05 v0.1u Driver-dependant file (RN,HjG,JT)
)
\pIIe@GRAPH=\toks28
\@arclen=\dimen176
\@arcrad=\dimen177
\pIIe@tempdima=\dimen178
\pIIe@tempdimb=\dimen179
\pIIe@tempdimc=\dimen180
\pIIe@tempdimd=\dimen181
\pIIe@tempdime=\dimen182
\pIIe@tempdimf=\dimen183
) (C:\Users\DawDa\AppData\Local\Programs\MiKTeX\tex/latex/ellipse\ellipse.sty
Package: ellipse 2004/11/05 v1.0 .dtx ellipse file
)
\@tempdimd=\dimen184
\spx@tempboxa=\box105
\spx@tempboxb=\box106
\spx@boxes@border@top=\dimen185
\spx@boxes@border@right=\dimen186
\spx@boxes@border@bottom=\dimen187
\spx@boxes@border@left=\dimen188
\spx@boxes@padding@top=\dimen189
\spx@boxes@padding@right=\dimen190
\spx@boxes@padding@bottom=\dimen191
\spx@boxes@padding@left=\dimen192
\spx@boxes@shadow@xoffset=\dimen193
\spx@boxes@shadow@yoffset=\dimen194
\spx@boxes@radius@topleft@x=\dimen195
\spx@boxes@radius@topright@x=\dimen196
\spx@boxes@radius@bottomright@x=\dimen197
\spx@boxes@radius@bottomleft@x=\dimen198
\spx@boxes@radius@topleft@y=\dimen199
\spx@boxes@radius@topright@y=\dimen256
\spx@boxes@radius@bottomright@y=\dimen257
\spx@boxes@radius@bottomleft@y=\dimen258
)
(sphinxlatexadmonitions.sty
Package: sphinxlatexadmonitions 2025/10/24 v9.0.0 admonitions

(C:\Users\DawDa\AppData\Local\Programs\MiKTeX\tex/latex/framed\framed.sty
Package: framed 2011/10/22 v 0.96: framed or shaded text with page breaks
\OuterFrameSep=\skip63
\fb@frw=\dimen259
\fb@frh=\dimen260
\FrameRule=\dimen261
\FrameSep=\dimen262
)
(C:\Users\DawDa\AppData\Local\Programs\MiKTeX\tex/latex/needspace\needspace.sty
Package: needspace 2025/03/13 v1.3e reserve vertical space
) (sphinxpackagefootnote.sty
Package: sphinxpackagefootnote 2025/11/15 v9.0.0 Sphinx custom footnotehyper pa
ckage (Sphinx team)
\FNH@notes=\box107
\FNH@toks=\toks29
\FNH@width=\dimen263
\c@sphinxfootnotemark=\count312
)
\spx@notice@border=\dimen264
\c@sphinxtodo=\count313
) (sphinxlatexliterals.sty
Package: sphinxlatexliterals 2025/12/26 v9.1.0 code-blocks and parsed literals

(C:\Users\DawDa\AppData\Local\Programs\MiKTeX\tex/latex/fancyvrb\fancyvrb.sty
Package: fancyvrb 2026/04/16 4.6a verbatim text (tvz,hv)
\FV@CodeLineNo=\count314
\FV@InFile=\read3
\FV@TabBox=\box108
\c@FancyVerbLine=\count315
\FV@StepNumber=\count316
\FV@OutFile=\write3
)
(C:\Users\DawDa\AppData\Local\Programs\MiKTeX\tex/latex/base\alltt.sty
Package: alltt 2024/07/07 v2.0g defines alltt environment
)
(C:\Users\DawDa\AppData\Local\Programs\MiKTeX\tex/latex/upquote\upquote.sty
Package: upquote 2012/04/19 v1.3 upright-quote and grave-accent glyphs in verba
tim
)
\sphinxcontinuationbox=\box109
\sphinxvisiblespacebox=\box110
\sphinxVerbatim@TitleBox=\box111
\sphinxVerbatim@ContentsBox=\box112
)
(sphinxlatexshadowbox.sty
Package: sphinxlatexshadowbox 2024/07/28 v8.1.0 sphinxShadowBox
) (sphinxlatexcontainers.sty
Package: sphinxlatexcontainers 2021/05/03 containers
) (sphinxhighlight.sty
Package: sphinxhighlight 2022/06/30 stylesheet for highlighting with pygments
)
(sphinxlatextables.sty
Package: sphinxlatextables 2025/12/30 v9.1.0 tables

(C:\Users\DawDa\AppData\Local\Programs\MiKTeX\tex/latex/tabulary\tabulary.sty
Package: tabulary 2024/06/04 v0.11 tabulary package (DPC)

(C:\Users\DawDa\AppData\Local\Programs\MiKTeX\tex/latex/tools\array.sty
Package: array 2026/02/24 v2.7b Tabular extension package (FMi)
\col@sep=\dimen265
\ar@mcellbox=\box113
\extrarowheight=\dimen266
\NC@list=\toks30
\extratabsurround=\skip64
\backup@length=\skip65
\ar@cellbox=\box114
)
\TY@count=\count317
\TY@linewidth=\dimen267
\tymin=\dimen268
\tymax=\dimen269
\TY@tablewidth=\dimen270
)
(C:\Users\DawDa\AppData\Local\Programs\MiKTeX\tex/latex/tools\longtable.sty
Package: longtable 2026-01-28 v4.27 Multi-page Table package (DPC)
\LTleft=\skip66
\LTright=\skip67
\LTpre=\skip68
\LTpost=\skip69
\LTchunksize=\count318
\LTcapwidth=\dimen271
\LT@head=\box115
\LT@firsthead=\box116
\LT@foot=\box117
\LT@lastfoot=\box118
\LT@gbox=\box119
\LT@cols=\count319
\LT@rows=\count320
\c@LT@tables=\count321
\c@LT@chunks=\count322
\LT@p@ftn=\toks31
)
(C:\Users\DawDa\AppData\Local\Programs\MiKTeX\tex/latex/varwidth\varwidth.sty
Package: varwidth 2009/03/30 ver 0.92;  Variable-width minipages
\@vwid@box=\box120
\sift@deathcycles=\count323
\@vwid@loff=\dimen272
\@vwid@roff=\dimen273
)
==> First Aid for varwidth.sty applied!
\sphinx@TY@tablewidth=\dimen274
(C:\Users\DawDa\AppData\Local\Programs\MiKTeX\tex/latex/colortbl\colortbl.sty
Package: colortbl 2026/05/01 v1.0l Color table columns (DPC)

new hooks used!!
\minrowclearance=\skip70
\rownum=\count324
) (C:\Users\DawDa\AppData\Local\Programs\MiKTeX\tex/latex/booktabs\booktabs.sty
Package: booktabs 2020/01/12 v1.61803398 Publication quality tables
\heavyrulewidth=\dimen275
\lightrulewidth=\dimen276
\cmidrulewidth=\dimen277
\belowrulesep=\dimen278
\belowbottomsep=\dimen279
\aboverulesep=\dimen280
\abovetopsep=\dimen281
\cmidrulesep=\dimen282
\cmidrulekern=\dimen283
\defaultaddspace=\dimen284
\@cmidla=\count325
\@cmidlb=\count326
\@aboverulesep=\dimen285
\@belowrulesep=\dimen286
\@thisruleclass=\count327
\@lastruleclass=\count328
\@thisrulewidth=\dimen287
)) (sphinxlatexnumfig.sty
Package: sphinxlatexnumfig 2024/07/31 v8.1.0 numbering
) (sphinxlatexlists.sty
Package: sphinxlatexlists 2021/12/20 lists
\spx@lineitemlabel=\toks32
)
\c@sphinxscope=\count329
 (sphinxlatexindbibtoc.sty
Package: sphinxlatexindbibtoc 2021/01/27 index, bib., toc

(C:\Users\DawDa\AppData\Local\Programs\MiKTeX\tex/latex/base\makeidx.sty
Package: makeidx 2021/10/04 v1.0m Standard LaTeX package
))
(sphinxlatexstylepage.sty
Package: sphinxlatexstylepage 2021/01/27 page styling

(C:\Users\DawDa\AppData\Local\Programs\MiKTeX\tex/latex/parskip\parskip.sty
Package: parskip 2021-03-14 v2.0h non-zero parskip adjustments

(C:\Users\DawDa\AppData\Local\Programs\MiKTeX\tex/latex/etoolbox\etoolbox.sty
Package: etoolbox 2025/10/02 v2.5m e-TeX tools for LaTeX (JAW)
\etb@tempcnta=\count330
)) (C:\Users\DawDa\AppData\Local\Programs\MiKTeX\tex/latex/fancyhdr\fancyhdr.st
y
Package: fancyhdr 2025/02/07 v5.2 Extensive control of page headers and footers

\f@nch@headwidth=\skip71
\f@nch@offset@elh=\skip72
\f@nch@offset@erh=\skip73
\f@nch@offset@olh=\skip74
\f@nch@offset@orh=\skip75
\f@nch@offset@elf=\skip76
\f@nch@offset@erf=\skip77
\f@nch@offset@olf=\skip78
\f@nch@offset@orf=\skip79
\f@nch@height=\skip80
\f@nch@footalignment=\skip81
\f@nch@widthL=\skip82
\f@nch@widthC=\skip83
\f@nch@widthR=\skip84
\@temptokenb=\toks33
)) (sphinxlatexstyleheadings.sty
Package: sphinxlatexstyleheadings 2023/02/11 headings

(C:\Users\DawDa\AppData\Local\Programs\MiKTeX\tex/latex/titlesec\titlesec.sty
Package: titlesec 2025/01/04 v2.17 Sectioning titles
\ttl@box=\box121
\beforetitleunit=\skip85
\aftertitleunit=\skip86
\ttl@plus=\dimen288
\ttl@minus=\dimen289
\ttl@toksa=\toks34
\titlewidth=\dimen290
\titlewidthlast=\dimen291
\titlewidthfirst=\dimen292
)) (sphinxlatexstyletext.sty
Package: sphinxlatexstyletext 2025/05/24 v9.0.0 text styling
) (sphinxlatexobjects.sty
Package: sphinxlatexobjects 2025/06/06 documentation environments
\sphinxsignaturesep=\skip87
\sphinxsignaturelistskip=\skip88
\py@argswidth=\skip89
\lineblockindentation=\skip90
\DUlineblockindent=\skip91
)
\sphinxvwdimen=\dimen293
\sphinxvhdimen=\dimen294
\sphinxvmindimen=\dimen295
\sphinxvmaxdimen=\dimen296
\sphinxQdimen=\dimen297
)
(C:\Users\DawDa\AppData\Local\Programs\MiKTeX\tex/latex/geometry\geometry.sty
Package: geometry 2026/03/07 v6.0 Page Geometry

(C:\Users\DawDa\AppData\Local\Programs\MiKTeX\tex/generic/iftex\ifvtex.sty
Package: ifvtex 2019/10/25 v1.7 ifvtex legacy package. Use iftex instead.

(C:\Users\DawDa\AppData\Local\Programs\MiKTeX\tex/generic/iftex\iftex.sty
Package: iftex 2024/12/12 v1.0g TeX engine tests
))
\Gm@cnth=\count331
\Gm@cntv=\count332
\c@Gm@tempcnt=\count333
\Gm@bindingoffset=\dimen298
\Gm@wd@mp=\dimen299
\Gm@odd@mp=\dimen300
\Gm@even@mp=\dimen301
\Gm@layoutwidth=\dimen302
\Gm@layoutheight=\dimen303
\Gm@layouthoffset=\dimen304
\Gm@layoutvoffset=\dimen305
\Gm@dimlist=\toks35

(C:\Users\DawDa\AppData\Local\Programs\MiKTeX\tex/latex/geometry\geometry.cfg))
(C:\Users\DawDa\AppData\Local\Programs\MiKTeX\tex/latex/hyperref\hyperref.sty
Package: hyperref 2026-04-24 v7.01q Hypertext links for LaTeX

(C:\Users\DawDa\AppData\Local\Programs\MiKTeX\tex/generic/kvdefinekeys\kvdefine
keys.sty
Package: kvdefinekeys 2019-12-19 v1.6 Define keys (HO)
)
(C:\Users\DawDa\AppData\Local\Programs\MiKTeX\tex/generic/pdfescape\pdfescape.s
ty
Package: pdfescape 2019/12/09 v1.15 Implements pdfTeX's escape features (HO)

(C:\Users\DawDa\AppData\Local\Programs\MiKTeX\tex/generic/pdftexcmds\pdftexcmds
.sty
Package: pdftexcmds 2020-06-27 v0.33 Utility functions of pdfTeX for LuaTeX (HO
)

(C:\Users\DawDa\AppData\Local\Programs\MiKTeX\tex/generic/infwarerr\infwarerr.s
ty
Package: infwarerr 2019/12/03 v1.5 Providing info/warning/error messages (HO)
)
Package pdftexcmds Info: \pdf@primitive is available.
Package pdftexcmds Info: \pdf@ifprimitive is available.
Package pdftexcmds Info: \pdfdraftmode found.
))
(C:\Users\DawDa\AppData\Local\Programs\MiKTeX\tex/latex/hycolor\hycolor.sty
Package: hycolor 2020-01-27 v1.10 Color options for hyperref/bookmark (HO)
)
(C:\Users\DawDa\AppData\Local\Programs\MiKTeX\tex/latex/hyperref\nameref.sty
Package: nameref 2026-01-29 v2.58 Cross-referencing by name of section

(C:\Users\DawDa\AppData\Local\Programs\MiKTeX\tex/latex/refcount\refcount.sty
Package: refcount 2019/12/15 v3.6 Data extraction from label references (HO)
)
(C:\Users\DawDa\AppData\Local\Programs\MiKTeX\tex/generic/gettitlestring\gettit
lestring.sty
Package: gettitlestring 2019/12/15 v1.6 Cleanup title references (HO)
)
\c@section@level=\count334
)
(C:\Users\DawDa\AppData\Local\Programs\MiKTeX\tex/generic/stringenc\stringenc.s
ty
Package: stringenc 2019/11/29 v1.12 Convert strings between diff. encodings (HO
)
)
\@linkdim=\dimen306
\Hy@linkcounter=\count335
\Hy@pagecounter=\count336
 (C:\Users\DawDa\AppData\Local\Programs\MiKTeX\tex/latex/hyperref\pd1enc.def
File: pd1enc.def 2026-04-24 v7.01q Hyperref: PDFDocEncoding definition (HO)
Now handling font encoding PD1 ...
... no UTF-8 mapping file for font encoding PD1
) (C:\Users\DawDa\AppData\Local\Programs\MiKTeX\tex/generic/intcalc\intcalc.sty
Package: intcalc 2019/12/15 v1.3 Expandable calculations with integers (HO)
)
\Hy@SavedSpaceFactor=\count337
 (C:\Users\DawDa\AppData\Local\Programs\MiKTeX\tex/latex/hyperref\puenc.def
File: puenc.def 2026-04-24 v7.01q Hyperref: PDF Unicode definition (HO)
Now handling font encoding PU ...
... no UTF-8 mapping file for font encoding PU
)
Package hyperref Info: Option `unicode' set `true' on input line 4070.
Package hyperref Info: Option `colorlinks' set `true' on input line 4070.
Package hyperref Info: Option `breaklinks' set `true' on input line 4070.
Package hyperref Info: Hyper figures OFF on input line 4199.
Package hyperref Info: Link nesting OFF on input line 4204.
Package hyperref Info: Hyper index ON on input line 4207.
Package hyperref Info: Plain pages OFF on input line 4214.
Package hyperref Info: Backreferencing OFF on input line 4219.
Package hyperref Info: Implicit mode ON; LaTeX internals redefined.
Package hyperref Info: Bookmarks ON on input line 4466.
\c@Hy@tempcnt=\count338

(C:\Users\DawDa\AppData\Local\Programs\MiKTeX\tex/latex/url\url.sty
\Urlmuskip=\muskip18
Package: url 2013/09/16  ver 3.4  Verb mode for urls, etc.
)
LaTeX Info: Redefining \url on input line 4805.
\XeTeXLinkMargin=\dimen307

(C:\Users\DawDa\AppData\Local\Programs\MiKTeX\tex/generic/bitset\bitset.sty
Package: bitset 2019/12/09 v1.3 Handle bit-vector datatype (HO)

(C:\Users\DawDa\AppData\Local\Programs\MiKTeX\tex/generic/bigintcalc\bigintcalc
.sty
Package: bigintcalc 2019/12/15 v1.5 Expandable calculations on big integers (HO
)
))
\Fld@menulength=\count339
\Field@Width=\dimen308
\Fld@charsize=\dimen309
Package hyperref Info: Hyper figures OFF on input line 6091.
Package hyperref Info: Link nesting OFF on input line 6096.
Package hyperref Info: Hyper index ON on input line 6099.
Package hyperref Info: backreferencing OFF on input line 6106.
Package hyperref Info: Link coloring ON on input line 6109.
Package hyperref Info: Link coloring with OCG OFF on input line 6116.
Package hyperref Info: PDF/A mode OFF on input line 6121.
\Hy@abspage=\count340
\c@Item=\count341
\c@Hfootnote=\count342
)
Package hyperref Info: Driver (autodetected): hpdftex.

(C:\Users\DawDa\AppData\Local\Programs\MiKTeX\tex/latex/hyperref\hpdftex.def
File: hpdftex.def 2026-04-24 v7.01q Hyperref driver for pdfTeX
\Fld@listcount=\count343
\c@bookmark@seq@number=\count344

(C:\Users\DawDa\AppData\Local\Programs\MiKTeX\tex/latex/rerunfilecheck\rerunfil
echeck.sty
Package: rerunfilecheck 2025-06-21 v1.11 Rerun checks for auxiliary files (HO)

(C:\Users\DawDa\AppData\Local\Programs\MiKTeX\tex/generic/uniquecounter\uniquec
ounter.sty
Package: uniquecounter 2019/12/15 v1.4 Provide unlimited unique counter (HO)
)
Package uniquecounter Info: New unique counter `rerunfilecheck' on input line 2
84.
)
\Hy@SectionHShift=\skip92
)
(C:\Users\DawDa\AppData\Local\Programs\MiKTeX\tex/latex/hypcap\hypcap.sty
Package: hypcap 2024-07-26 v1.13 Adjusting the anchors of captions (HO)

(C:\Users\DawDa\AppData\Local\Programs\MiKTeX\tex/latex/letltxmacro\letltxmacro
.sty
Package: letltxmacro 2019/12/03 v1.6 Let assignment for LaTeX macros (HO)
)) (sphinxmessages.sty
Package: sphinxmessages 2019/01/04 v2.0 Localized LaTeX macros (Sphinx team)
)
\@indexfile=\write4
\openout4 = `sprawozdaniezlaboratoriumbazydanych.idx'.


Writing index file sprawozdaniezlaboratoriumbazydanych.idx
LaTeX Font Info:    Trying to load font information for T1+qtm on input line 76
.
(C:\Users\DawDa\AppData\Local\Programs\MiKTeX\tex/latex/tex-gyre\t1qtm.fd
File: t1qtm.fd 2009/09/25 v1.2 font definition file for T1/qtm
)
(C:\Users\DawDa\AppData\Local\Programs\MiKTeX\tex/latex/l3backend\l3backend-pdf
tex.def
File: l3backend-pdftex.def 2026-02-18 L3 backend support: PDF output (pdfTeX)
\l__color_backend_stack_int=\count345
) (sprawozdaniezlaboratoriumbazydanych.aux
Package babel Info: 'polish' activates 'polish' shorthands.
(babel)             Reported on input line 8.


LaTeX Warning: Label `rozdzial_3/BD_PlanBazyDanych_zad1/index::doc' multiply de
fined.


LaTeX Warning: Label `rozdzial_4/BD_WprowadzanieBD/index::doc' multiply defined
.


LaTeX Warning: Label `rozdzial_5/BD_Zapytania/index::doc' multiply defined.

)
\openout1 = `sprawozdaniezlaboratoriumbazydanych.aux'.

LaTeX Font Info:    Checking defaults for OML/cmm/m/it on input line 76.
LaTeX Font Info:    ... okay on input line 76.
LaTeX Font Info:    Checking defaults for OMS/cmsy/m/n on input line 76.
LaTeX Font Info:    ... okay on input line 76.
LaTeX Font Info:    Checking defaults for OT1/cmr/m/n on input line 76.
LaTeX Font Info:    ... okay on input line 76.
LaTeX Font Info:    Checking defaults for T1/cmr/m/n on input line 76.
LaTeX Font Info:    ... okay on input line 76.
LaTeX Font Info:    Checking defaults for TS1/cmr/m/n on input line 76.
LaTeX Font Info:    ... okay on input line 76.
LaTeX Font Info:    Checking defaults for OMX/cmex/m/n on input line 76.
LaTeX Font Info:    ... okay on input line 76.
LaTeX Font Info:    Checking defaults for U/cmr/m/n on input line 76.
LaTeX Font Info:    ... okay on input line 76.
LaTeX Font Info:    Checking defaults for PD1/pdf/m/n on input line 76.
LaTeX Font Info:    ... okay on input line 76.
LaTeX Font Info:    Checking defaults for PU/pdf/m/n on input line 76.
LaTeX Font Info:    ... okay on input line 76.

(C:\Users\DawDa\AppData\Local\Programs\MiKTeX\tex/context/base/mkii\supp-pdf.mk
ii
[Loading MPS to PDF converter (version 2006.09.02).]
\scratchcounter=\count346
\scratchdimen=\dimen310
\scratchbox=\box122
\nofMPsegments=\count347
\nofMParguments=\count348
\everyMPshowfont=\toks36
\MPscratchCnt=\count349
\MPscratchDim=\dimen311
\MPnumerator=\count350
\makeMPintoPDFobject=\count351
\everyMPtoPDFconversion=\toks37
)
(C:\Users\DawDa\AppData\Local\Programs\MiKTeX\tex/latex/epstopdf-pkg\epstopdf-b
ase.sty
Package: epstopdf-base 2020-01-24 v2.11 Base part for package epstopdf
Package epstopdf-base Info: Redefining graphics rule for `.eps' on input line 4
85.

(C:\Users\DawDa\AppData\Local\Programs\MiKTeX\tex/latex/00miktex\epstopdf-sys.c
fg
File: epstopdf-sys.cfg 2021/03/18 v2.0 Configuration of epstopdf for MiKTeX
))
(C:\Users\DawDa\AppData\Local\Programs\MiKTeX\tex/latex/fontawesome7\fontawesom
e7.sty
(C:\Users\DawDa\AppData\Local\Programs\MiKTeX\tex/latex/l3kernel\expl3.sty
Package: expl3 2026-05-26 L3 programming layer (loader) 
)
Package: fontawesome7 2025/11/02 v7.1.0-1 Font Awesome 7

(C:\Users\DawDa\AppData\Local\Programs\MiKTeX\tex/latex/l3packages/l3keys2e\l3k
eys2e.sty
Package: l3keys2e 2025-10-09 LaTeX2e option processing using LaTeX3 keys
)
(C:\Users\DawDa\AppData\Local\Programs\MiKTeX\tex/latex/l3packages/xparse\xpars
e.sty
Package: xparse 2025-10-09 L3 Experimental document command parser
)
(C:\Users\DawDa\AppData\Local\Programs\MiKTeX\tex/latex/fontawesome7\fontawesom
e7-generic-helper.sty
Package: fontawesome7-generic-helper 2025/11/02 v7.1.0-1 non-uTeX helper for fo
ntawesome7

(C:\Users\DawDa\AppData\Local\Programs\MiKTeX\tex/latex/fontawesome7\fontawesom
e7-mapping.def)))
\c@literalblock=\count352

*geometry* driver: auto-detecting
*geometry* detected driver: pdftex
*geometry* verbose mode - [ preamble ] result:
* driver: pdftex
* paper: letterpaper
* layout: <same size as paper>
* layoutoffset:(h,v)=(0.0pt,0.0pt)
* modes: 
* h-part:(L,W,R)=(72.26999pt, 469.75502pt, 72.26999pt)
* v-part:(T,H,B)=(72.26999pt, 650.43001pt, 72.26999pt)
* \paperwidth=614.295pt
* \paperheight=794.96999pt
* \textwidth=469.75502pt
* \textheight=650.43001pt
* \oddsidemargin=0.0pt
* \evensidemargin=0.0pt
* \topmargin=-37.0pt
* \headheight=12.0pt
* \headsep=25.0pt
* \topskip=10.0pt
* \footskip=30.0pt
* \marginparwidth=36.135pt
* \marginparsep=11.0pt
* \columnsep=10.0pt
* \skip\footins=9.0pt plus 4.0pt minus 2.0pt
* \hoffset=0.0pt
* \voffset=0.0pt
* \mag=1000
* \@twocolumnfalse
* \@twosidefalse
* \@mparswitchfalse
* \@reversemarginfalse
* (1in=72.27pt=25.4mm, 1cm=28.453pt)

Package hyperref Info: Link coloring ON on input line 76.
(sprawozdaniezlaboratoriumbazydanych.out)
(sprawozdaniezlaboratoriumbazydanych.out)
\@outlinefile=\write5
\openout5 = `sprawozdaniezlaboratoriumbazydanych.out'.

Package hyperref Info: Option `pageanchor' set `false' on input line 84.
LaTeX Font Info:    Trying to load font information for T1+qhv on input line 84
.

(C:\Users\DawDa\AppData\Local\Programs\MiKTeX\tex/latex/tex-gyre\t1qhv.fd
File: t1qhv.fd 2009/09/25 v1.2 font definition file for T1/qhv
)
[1

{C:/Users/DawDa/AppData/Local/MiKTeX/fonts/map/pdftex/pdftex.map}{C:/Users/DawD
a/AppData/Local/Programs/MiKTeX/fonts/enc/dvips/tex-gyre/q-ec.enc}]
(sprawozdaniezlaboratoriumbazydanych.toc<<ot1.cmap>><<oml.cmap>><<oms.cmap>><<o
mx.cmap>>
LaTeX Font Info:    Trying to load font information for U+msa on input line 3.

(C:\Users\DawDa\AppData\Local\Programs\MiKTeX\tex/latex/amsfonts\umsa.fd
File: umsa.fd 2013/01/14 v3.01 AMS symbols A
)
LaTeX Font Info:    Trying to load font information for U+msb on input line 3.

(C:\Users\DawDa\AppData\Local\Programs\MiKTeX\tex/latex/amsfonts\umsb.fd
File: umsb.fd 2013/01/14 v3.01 AMS symbols B
))
\tf@toc=\write6
\openout6 = `sprawozdaniezlaboratoriumbazydanych.toc'.


[1



]
Rozdzia\l  1.
LaTeX Font Info:    Trying to load font information for TS1+qtm on input line 1
20.
(C:\Users\DawDa\AppData\Local\Programs\MiKTeX\tex/latex/tex-gyre\ts1qtm.fd
File: ts1qtm.fd 2009/09/25 v1.2 font definition file for TS1/qtm
)
[1


{C:/Users/DawDa/AppData/Local/Programs/MiKTeX/fonts/enc/dvips/tex-gyre/q-ts1.en
c}]
Package babel Info: 'polish' activates 'polish' shorthands.
(babel)             Reported on input line 166.
 [2]
Rozdzia\l  2.
[3

] [4] [5] [6] [7]
LaTeX Font Info:    Trying to load font information for T1+txtt on input line 4
86.

(C:\Users\DawDa\AppData\Local\Programs\MiKTeX\tex/latex/txfonts\t1txtt.fd
File: t1txtt.fd 2000/12/15 v3.1
)
LaTeX Font Info:    Font shape `T1/txtt/m/it' in size <10> not available
(Font)              Font shape `T1/txtt/m/sl' tried instead on input line 563.

[8]
LaTeX Font Info:    Font shape `T1/txtt/b/n' in size <10> not available
(Font)              Font shape `T1/txtt/bx/n' tried instead on input line 588.
 [9]
LaTeX Font Info:    Trying to load font information for TS1+txtt on input line 
1.

(C:\Users\DawDa\AppData\Local\Programs\MiKTeX\tex/latex/txfonts\ts1txtt.fd
File: ts1txtt.fd 2000/12/15 v3.1
)
[10] [11] [12] [13] [14] [15]
LaTeX Font Info:    Trying to load font information for U+fontawesome7free1 on 
input line 1335.

(C:\Users\DawDa\AppData\Local\Programs\MiKTeX\tex/latex/fontawesome7\ufontaweso
me7free1.fd) [16{C:/Users/DawDa/AppData/Local/Programs/MiKTeX/fonts/enc/dvips/f
ontawesome7/fa7free1_solid.enc}] [17] [18]
Underfull \hbox (badness 10000) in paragraph at lines 1536--1539
[][][][][]\T1/qtm/m/n/8 MySQL Do-cu-men-ta-tion, \T1/qtm/m/it/8 Using the Per-f
or-mance Schema to Dia-gnose Pro-blems\T1/qtm/m/n/8 , [][]$https : / / dev . my
sql . com / doc / refman / 8 . 2 / en /
 []

[19]
Underfull \hbox (badness 10000) in paragraph at lines 1604--1607
[][][][][]\T1/qtm/m/n/8 Grafana Do-cu-men-ta-tion, \T1/qtm/m/it/8 Da-sh-bo-ards
 ove-rview \T1/qtm/m/n/8 oraz \T1/qtm/m/it/8 Gra-fana Aler-ting\T1/qtm/m/n/8 , 
[][]$https : / / grafana . com / docs / grafana / latest / fundamentals /
 []

[20] [21] [22] [23] [24] [25] [26] [27] [28] [29] [30] [31] [32] [33] [34]
[35] [36]
Rozdzia\l  3.
[37

] [38]
<schemat_chena.png, id=948, 1059.96pt x 773.89125pt>
File: schemat_chena.png Graphic file (type png)
<use schemat_chena.png>
Package pdftex.def Info: schemat_chena.png  used on input line 2804.
(pdftex.def)             Requested size: 469.74797pt x 342.96939pt.
 [39] [40 <./schemat_chena.png>]
Underfull \hbox (badness 10000) in paragraph at lines 2837--2839
[]\T1/qtm/m/n/10 Za-le»ne od ca-Şego klu-cza: Ilo±˘, Cena_historyczna, Ocena, K
o-men-tarz -> Ta-bela \T1/qtm/b/n/10 Po-zy-
 []


Underfull \hbox (badness 10000) in paragraph at lines 2897--2899
[]\T1/qtm/b/n/10 Za-mo-wie-nia\T1/qtm/m/n/10 : \T1/txtt/m/n/10 ID_Zamowienia \T
1/qtm/m/n/10 (PK), \T1/txtt/m/n/10 ID_Klienta \T1/qtm/m/n/10 (FK), \T1/txtt/m/n
/10 Data_zamowienia\T1/qtm/m/n/10 , \T1/txtt/m/n/10 Status_zamowienia\T1/qtm/m/
n/10 ,
 []


Underfull \hbox (badness 10000) in paragraph at lines 2905--2907
[]\T1/qtm/b/n/10 Po-zy-cje_Zamowienia\T1/qtm/m/n/10 : \T1/txtt/m/n/10 ID_Pozycj
i \T1/qtm/m/n/10 (PK), \T1/txtt/m/n/10 ID_Zamowienia \T1/qtm/m/n/10 (FK), \T1/t
xtt/m/n/10 ID_Produktu \T1/qtm/m/n/10 (FK), \T1/txtt/m/n/10 Ilosc\T1/qtm/m/n/10
 ,
 []

<schemat_erd.png, id=960, 779.16093pt x 496.10344pt>
File: schemat_erd.png Graphic file (type png)
<use schemat_erd.png>
Package pdftex.def Info: schemat_erd.png  used on input line 2921.
(pdftex.def)             Requested size: 469.7472pt x 299.10263pt.
[41]
Underfull \hbox (badness 10000) in paragraph at lines 2964--2966
[]\T1/qtm/b/n/10 Po-zy-cje_Zamowienia\T1/qtm/m/n/10 : \T1/txtt/m/n/10 ID_Pozycj
i \T1/qtm/m/n/10 : IN-TE-GER PRI-MARY KEY, \T1/txtt/m/n/10 ID_Zamowienia \T1/qt
m/m/n/10 : IN-TE-GER,
 []

<schemat_fizyczny_sqlite.png, id=973, 920.68968pt x 513.41812pt>
File: schemat_fizyczny_sqlite.png Graphic file (type png)
<use schemat_fizyczny_sqlite.png>
Package pdftex.def Info: schemat_fizyczny_sqlite.png  used on input line 2977.
(pdftex.def)             Requested size: 469.77031pt x 261.95728pt.
[42 <./schemat_erd.png>]
Underfull \hbox (badness 7397) in paragraph at lines 3018--3020
[]\T1/qtm/b/n/10 Opi-nie\T1/qtm/m/n/10 : \T1/txtt/m/n/10 ID_Opinii \T1/qtm/m/n/
10 : SE-RIAL PRI-MARY KEY, \T1/txtt/m/n/10 ID_Pozycji \T1/qtm/m/n/10 : IN-TE-GE
R RE-FE-REN-CES Po-zy-
 []

<schemat_fizyczny_postgres.png, id=979, 900.36375pt x 490.08093pt>
File: schemat_fizyczny_postgres.png Graphic file (type png)
<use schemat_fizyczny_postgres.png>
Package pdftex.def Info: schemat_fizyczny_postgres.png  used on input line 3027
.
(pdftex.def)             Requested size: 469.75803pt x 255.68857pt.
[43 <./schemat_fizyczny_sqlite.png>] [44 <./schemat_fizyczny_postgres.png>]
Rozdzia\l  4.
[45

]
Underfull \hbox (badness 10000) in paragraph at lines 3093--3096
[]\T1/qtm/m/n/10 Kod ąró-dŞowy skryp-tów wdro-»e-nio-wych oraz pliki kon-fi-gu-
ra-cyjne zo-staŞy umiesz-czone w de-dy-ko-wa-
 []

[46] [47] [48] [49]
Rozdzia\l  5.
[50

] [51] [52] [53



]
No file sprawozdaniezlaboratoriumbazydanych.ind.
(sprawozdaniezlaboratoriumbazydanych.aux)
 ***********
LaTeX2e <2026-06-01>
L3 programming layer <2026-05-26>
 ***********


LaTeX Warning: There were multiply-defined labels.

Package rerunfilecheck Info: File `sprawozdaniezlaboratoriumbazydanych.out' has
 not changed.
(rerunfilecheck)             Checksum: CD7AE1CE9CCB3C65CE016868FFCD0816;38115.
 ) 
Here is how much of TeX's memory you used:
 22052 strings out of 467509
 414738 string characters out of 5408780
 887470 words of memory out of 5000000
 50553 multiletter control sequences out of 15000+600000
 693979 words of font info for 88 fonts, out of 8000000 for 9000
 1142 hyphenation exceptions out of 8191
 74i,12n,82p,1226b,716s stack positions out of 10000i,1000n,20000p,200000b,200000s
<C:/Users/DawDa/AppData/Local/Programs/MiKTeX/fonts/type1/public/fontawesome7
/FontAwesome7Free-Solid.pfb><C:/Users/DawDa/AppData/Local/Programs/MiKTeX/fonts
/type1/public/amsfonts/cm/cmmi5.pfb><C:/Users/DawDa/AppData/Local/Programs/MiKT
eX/fonts/type1/public/amsfonts/cm/cmsy5.pfb><C:/Users/DawDa/AppData/Local/Progr
ams/MiKTeX/fonts/type1/public/tex-gyre/qhvb.pfb><C:/Users/DawDa/AppData/Local/P
rograms/MiKTeX/fonts/type1/public/tex-gyre/qhvr.pfb><C:/Users/DawDa/AppData/Loc
al/Programs/MiKTeX/fonts/type1/public/tex-gyre/qtmb.pfb><C:/Users/DawDa/AppData
/Local/Programs/MiKTeX/fonts/type1/public/tex-gyre/qtmr.pfb><C:/Users/DawDa/App
Data/Local/Programs/MiKTeX/fonts/type1/public/tex-gyre/qtmri.pfb><C:/Users/DawD
a/AppData/Local/Programs/MiKTeX/fonts/type1/public/txfonts/t1xbtt.pfb><C:/Users
/DawDa/AppData/Local/Programs/MiKTeX/fonts/type1/public/txfonts/t1xtt.pfb><C:/U
sers/DawDa/AppData/Local/Programs/MiKTeX/fonts/type1/public/txfonts/t1xtt.pfb><
C:/Users/DawDa/AppData/Local/Programs/MiKTeX/fonts/type1/public/txfonts/tcxtt.p
fb>
Output written on sprawozdaniezlaboratoriumbazydanych.pdf (55 pages, 797571 byt
es).
PDF statistics:
 1183 PDF objects out of 1200 (max. 8388607)
 325 named destinations out of 1000 (max. 500000)
 1329 words of extra memory for PDF output out of 10000 (max. 10000000)

